# JRE version: Java(TM) SE Runtime Environment (8.0_151-b12) (build 1.8.0_151-b12)
# Java VM: Java HotSpot(TM) 64-Bit Server VM (25.151-b12 mixed mode windows-amd64 compressed oops)
Heap:
 PSYoungGen      total 171008K, used 76346K [0x00000000d5f00000, 0x00000000e2400000, 0x0000000100000000)
  eden space 142336K, 41% used [0x00000000d5f00000,0x00000000d991e830,0x00000000dea00000)
  from space 28672K, 58% used [0x00000000e0800000,0x00000000e1870388,0x00000000e2400000)
  to   space 29696K, 0% used [0x00000000dea00000,0x00000000dea00000,0x00000000e0700000)
 ParOldGen       total 126464K, used 56525K [0x0000000081c00000, 0x0000000089780000, 0x00000000d5f00000)
  object space 126464K, 44% used [0x0000000081c00000,0x0000000085333698,0x0000000089780000)
 Metaspace       used 55594K, capacity 56496K, committed 56960K, reserved 1099776K
  class space    used 6723K, capacity 6970K, committed 7040K, reserved 1048576K
GC Heap History (10 events):
Event: 7.049 GC heap before
{Heap before GC invocations=8 (full 1):
 PSYoungGen      total 104448K, used 80134K [0x00000000d5f00000, 0x00000000df700000, 0x0000000100000000)
  eden space 93184K, 73% used [0x00000000d5f00000,0x00000000da244538,0x00000000dba00000)
  from space 11264K, 99% used [0x00000000dec00000,0x00000000df6fd658,0x00000000df700000)
  to   space 13312K, 0% used [0x00000000ddd00000,0x00000000ddd00000,0x00000000dea00000)
 ParOldGen       total 71680K, used 14179K [0x0000000081c00000, 0x0000000086200000, 0x00000000d5f00000)
  object space 71680K, 19% used [0x0000000081c00000,0x00000000829d8e20,0x0000000086200000)
 Metaspace       used 34610K, capacity 35078K, committed 35456K, reserved 1079296K
  class space    used 4522K, capacity 4693K, committed 4736K, reserved 1048576K
Event: 7.073 GC heap after
Heap after GC invocations=8 (full 1):
 PSYoungGen      total 142336K, used 13286K [0x00000000d5f00000, 0x00000000e0180000, 0x0000000100000000)
  eden space 129024K, 0% used [0x00000000d5f00000,0x00000000d5f00000,0x00000000ddd00000)
  from space 13312K, 99% used [0x00000000ddd00000,0x00000000de9f9b98,0x00000000dea00000)
  to   space 17408K, 0% used [0x00000000df080000,0x00000000df080000,0x00000000e0180000)
 ParOldGen       total 71680K, used 18906K [0x0000000081c00000, 0x0000000086200000, 0x00000000d5f00000)
  object space 71680K, 26% used [0x0000000081c00000,0x0000000082e76b08,0x0000000086200000)
 Metaspace       used 34610K, capacity 35078K, committed 35456K, reserved 1079296K
  class space    used 4522K, capacity 4693K, committed 4736K, reserved 1048576K
}
Event: 7.073 GC heap before
{Heap before GC invocations=9 (full 2):
 PSYoungGen      total 142336K, used 13286K [0x00000000d5f00000, 0x00000000e0180000, 0x0000000100000000)
  eden space 129024K, 0% used [0x00000000d5f00000,0x00000000d5f00000,0x00000000ddd00000)
  from space 13312K, 99% used [0x00000000ddd00000,0x00000000de9f9b98,0x00000000dea00000)
  to   space 17408K, 0% used [0x00000000df080000,0x00000000df080000,0x00000000e0180000)
 ParOldGen       total 71680K, used 18906K [0x0000000081c00000, 0x0000000086200000, 0x00000000d5f00000)
  object space 71680K, 26% used [0x0000000081c00000,0x0000000082e76b08,0x0000000086200000)
 Metaspace       used 34610K, capacity 35078K, committed 35456K, reserved 1079296K
  class space    used 4522K, capacity 4693K, committed 4736K, reserved 1048576K
Event: 7.257 GC heap after
Heap after GC invocations=9 (full 2):
 PSYoungGen      total 142336K, used 0K [0x00000000d5f00000, 0x00000000e0180000, 0x0000000100000000)
  eden space 129024K, 0% used [0x00000000d5f00000,0x00000000d5f00000,0x00000000ddd00000)
  from space 13312K, 0% used [0x00000000ddd00000,0x00000000ddd00000,0x00000000dea00000)
  to   space 17408K, 0% used [0x00000000df080000,0x00000000df080000,0x00000000e0180000)
 ParOldGen       total 126464K, used 26987K [0x0000000081c00000, 0x0000000089780000, 0x00000000d5f00000)
  object space 126464K, 21% used [0x0000000081c00000,0x000000008365af98,0x0000000089780000)
 Metaspace       used 34610K, capacity 35078K, committed 35456K, reserved 1079296K
  class space    used 4522K, capacity 4693K, committed 4736K, reserved 1048576K
}
Event: 9.580 GC heap before
{Heap before GC invocations=10 (full 2):
 PSYoungGen      total 142336K, used 129024K [0x00000000d5f00000, 0x00000000e0180000, 0x0000000100000000)
  eden space 129024K, 100% used [0x00000000d5f00000,0x00000000ddd00000,0x00000000ddd00000)
  from space 13312K, 0% used [0x00000000ddd00000,0x00000000ddd00000,0x00000000dea00000)
  to   space 17408K, 0% used [0x00000000df080000,0x00000000df080000,0x00000000e0180000)
 ParOldGen       total 126464K, used 26987K [0x0000000081c00000, 0x0000000089780000, 0x00000000d5f00000)
  object space 126464K, 21% used [0x0000000081c00000,0x000000008365af98,0x0000000089780000)
 Metaspace       used 46303K, capacity 47040K, committed 47616K, reserved 1091584K
  class space    used 5807K, capacity 6034K, committed 6144K, reserved 1048576K
Event: 9.611 GC heap after
Heap after GC invocations=10 (full 2):
 PSYoungGen      total 142336K, used 17401K [0x00000000d5f00000, 0x00000000e2a00000, 0x0000000100000000)
  eden space 124928K, 0% used [0x00000000d5f00000,0x00000000d5f00000,0x00000000dd900000)
  from space 17408K, 99% used [0x00000000df080000,0x00000000e017e770,0x00000000e0180000)
  to   space 24064K, 0% used [0x00000000dd900000,0x00000000dd900000,0x00000000df080000)
 ParOldGen       total 126464K, used 37054K [0x0000000081c00000, 0x0000000089780000, 0x00000000d5f00000)
  object space 126464K, 29% used [0x0000000081c00000,0x000000008402f998,0x0000000089780000)
 Metaspace       used 46303K, capacity 47040K, committed 47616K, reserved 1091584K
  class space    used 5807K, capacity 6034K, committed 6144K, reserved 1048576K
}
Event: 13.100 GC heap before
{Heap before GC invocations=11 (full 2):
 PSYoungGen      total 142336K, used 142329K [0x00000000d5f00000, 0x00000000e2a00000, 0x0000000100000000)
  eden space 124928K, 100% used [0x00000000d5f00000,0x00000000dd900000,0x00000000dd900000)
  from space 17408K, 99% used [0x00000000df080000,0x00000000e017e770,0x00000000e0180000)
  to   space 24064K, 0% used [0x00000000dd900000,0x00000000dd900000,0x00000000df080000)
 ParOldGen       total 126464K, used 37054K [0x0000000081c00000, 0x0000000089780000, 0x00000000d5f00000)
  object space 126464K, 29% used [0x0000000081c00000,0x000000008402f998,0x0000000089780000)
 Metaspace       used 52649K, capacity 53490K, committed 53888K, reserved 1095680K
  class space    used 6489K, capacity 6743K, committed 6784K, reserved 1048576K
Event: 13.149 GC heap after
Heap after GC invocations=11 (full 2):
 PSYoungGen      total 148992K, used 24059K [0x00000000d5f00000, 0x00000000e2580000, 0x0000000100000000)
  eden space 124928K, 0% used [0x00000000d5f00000,0x00000000d5f00000,0x00000000dd900000)
  from space 24064K, 99% used [0x00000000dd900000,0x00000000df07ef78,0x00000000df080000)
  to   space 30208K, 0% used [0x00000000e0800000,0x00000000e0800000,0x00000000e2580000)
 ParOldGen       total 126464K, used 42457K [0x0000000081c00000, 0x0000000089780000, 0x00000000d5f00000)
  object space 126464K, 33% used [0x0000000081c00000,0x00000000845764a8,0x0000000089780000)
 Metaspace       used 52649K, capacity 53490K, committed 53888K, reserved 1095680K
  class space    used 6489K, capacity 6743K, committed 6784K, reserved 1048576K
}
Event: 16.546 GC heap before
{Heap before GC invocations=12 (full 2):
 PSYoungGen      total 148992K, used 148987K [0x00000000d5f00000, 0x00000000e2580000, 0x0000000100000000)
  eden space 124928K, 100% used [0x00000000d5f00000,0x00000000dd900000,0x00000000dd900000)
  from space 24064K, 99% used [0x00000000dd900000,0x00000000df07ef78,0x00000000df080000)
  to   space 30208K, 0% used [0x00000000e0800000,0x00000000e0800000,0x00000000e2580000)
 ParOldGen       total 126464K, used 42457K [0x0000000081c00000, 0x0000000089780000, 0x00000000d5f00000)
  object space 126464K, 33% used [0x0000000081c00000,0x00000000845764a8,0x0000000089780000)
 Metaspace       used 54128K, capacity 55048K, committed 55552K, reserved 1097728K
  class space    used 6577K, capacity 6836K, committed 6912K, reserved 1048576K
Event: 16.592 GC heap after
Heap after GC invocations=12 (full 2):
 PSYoungGen      total 171008K, used 16832K [0x00000000d5f00000, 0x00000000e2400000, 0x0000000100000000)
  eden space 142336K, 0% used [0x00000000d5f00000,0x00000000d5f00000,0x00000000dea00000)
  from space 28672K, 58% used [0x00000000e0800000,0x00000000e1870388,0x00000000e2400000)
  to   space 29696K, 0% used [0x00000000dea00000,0x00000000dea00000,0x00000000e0700000)
 ParOldGen       total 126464K, used 56525K [0x0000000081c00000, 0x0000000089780000, 0x00000000d5f00000)
  object space 126464K, 44% used [0x0000000081c00000,0x0000000085333698,0x0000000089780000)
 Metaspace       used 54128K, capacity 55048K, committed 55552K, reserved 1097728K
  class space    used 6577K, capacity 6836K, committed 6912K, reserved 1048576K
}

