# JRE version: Java(TM) SE Runtime Environment (8.0_151-b12) (build 1.8.0_151-b12)
# Java VM: Java HotSpot(TM) 64-Bit Server VM (25.151-b12 mixed mode windows-amd64 compressed oops)
Heap:
 PSYoungGen      total 151040K, used 50693K [0x00000000d5f00000, 0x00000000e2980000, 0x0000000100000000)
  eden space 126464K, 20% used [0x00000000d5f00000,0x00000000d78875d0,0x00000000dda80000)
  from space 24576K, 99% used [0x00000000dda80000,0x00000000df279ef0,0x00000000df280000)
  to   space 30208K, 0% used [0x00000000e0c00000,0x00000000e0c00000,0x00000000e2980000)
 ParOldGen       total 124928K, used 42260K [0x0000000081c00000, 0x0000000089600000, 0x00000000d5f00000)
  object space 124928K, 33% used [0x0000000081c00000,0x0000000084545178,0x0000000089600000)
 Metaspace       used 53072K, capacity 53862K, committed 54400K, reserved 1097728K
  class space    used 6529K, capacity 6779K, committed 6784K, reserved 1048576K
GC Heap History (10 events):
Event: 7.173 GC heap before
{Heap before GC invocations=7 (full 1):
 PSYoungGen      total 71680K, used 66560K [0x00000000d5f00000, 0x00000000df700000, 0x0000000100000000)
  eden space 66560K, 100% used [0x00000000d5f00000,0x00000000da000000,0x00000000da000000)
  from space 5120K, 0% used [0x00000000da000000,0x00000000da000000,0x00000000da500000)
  to   space 11264K, 0% used [0x00000000dec00000,0x00000000dec00000,0x00000000df700000)
 ParOldGen       total 72192K, used 13003K [0x0000000081c00000, 0x0000000086280000, 0x00000000d5f00000)
  object space 72192K, 18% used [0x0000000081c00000,0x00000000828b2f48,0x0000000086280000)
 Metaspace       used 31002K, capacity 31426K, committed 31872K, reserved 1077248K
  class space    used 4009K, capacity 4193K, committed 4224K, reserved 1048576K
Event: 7.191 GC heap after
Heap after GC invocations=7 (full 1):
 PSYoungGen      total 104448K, used 11259K [0x00000000d5f00000, 0x00000000df700000, 0x0000000100000000)
  eden space 93184K, 0% used [0x00000000d5f00000,0x00000000d5f00000,0x00000000dba00000)
  from space 11264K, 99% used [0x00000000dec00000,0x00000000df6fedb8,0x00000000df700000)
  to   space 13312K, 0% used [0x00000000ddd00000,0x00000000ddd00000,0x00000000dea00000)
 ParOldGen       total 72192K, used 14333K [0x0000000081c00000, 0x0000000086280000, 0x00000000d5f00000)
  object space 72192K, 19% used [0x0000000081c00000,0x00000000829ff598,0x0000000086280000)
 Metaspace       used 31002K, capacity 31426K, committed 31872K, reserved 1077248K
  class space    used 4009K, capacity 4193K, committed 4224K, reserved 1048576K
}
Event: 8.597 GC heap before
{Heap before GC invocations=8 (full 1):
 PSYoungGen      total 104448K, used 80073K [0x00000000d5f00000, 0x00000000df700000, 0x0000000100000000)
  eden space 93184K, 73% used [0x00000000d5f00000,0x00000000da233978,0x00000000dba00000)
  from space 11264K, 99% used [0x00000000dec00000,0x00000000df6fedb8,0x00000000df700000)
  to   space 13312K, 0% used [0x00000000ddd00000,0x00000000ddd00000,0x00000000dea00000)
 ParOldGen       total 72192K, used 14333K [0x0000000081c00000, 0x0000000086280000, 0x00000000d5f00000)
  object space 72192K, 19% used [0x0000000081c00000,0x00000000829ff598,0x0000000086280000)
 Metaspace       used 34654K, capacity 35078K, committed 35456K, reserved 1079296K
  class space    used 4535K, capacity 4693K, committed 4736K, reserved 1048576K
Event: 8.629 GC heap after
Heap after GC invocations=8 (full 1):
 PSYoungGen      total 142336K, used 13286K [0x00000000d5f00000, 0x00000000e0380000, 0x0000000100000000)
  eden space 129024K, 0% used [0x00000000d5f00000,0x00000000d5f00000,0x00000000ddd00000)
  from space 13312K, 99% used [0x00000000ddd00000,0x00000000de9f9bc8,0x00000000dea00000)
  to   space 17408K, 0% used [0x00000000df280000,0x00000000df280000,0x00000000e0380000)
 ParOldGen       total 72192K, used 19033K [0x0000000081c00000, 0x0000000086280000, 0x00000000d5f00000)
  object space 72192K, 26% used [0x0000000081c00000,0x0000000082e964c8,0x0000000086280000)
 Metaspace       used 34654K, capacity 35078K, committed 35456K, reserved 1079296K
  class space    used 4535K, capacity 4693K, committed 4736K, reserved 1048576K
}
Event: 8.629 GC heap before
{Heap before GC invocations=9 (full 2):
 PSYoungGen      total 142336K, used 13286K [0x00000000d5f00000, 0x00000000e0380000, 0x0000000100000000)
  eden space 129024K, 0% used [0x00000000d5f00000,0x00000000d5f00000,0x00000000ddd00000)
  from space 13312K, 99% used [0x00000000ddd00000,0x00000000de9f9bc8,0x00000000dea00000)
  to   space 17408K, 0% used [0x00000000df280000,0x00000000df280000,0x00000000e0380000)
 ParOldGen       total 72192K, used 19033K [0x0000000081c00000, 0x0000000086280000, 0x00000000d5f00000)
  object space 72192K, 26% used [0x0000000081c00000,0x0000000082e964c8,0x0000000086280000)
 Metaspace       used 34654K, capacity 35078K, committed 35456K, reserved 1079296K
  class space    used 4535K, capacity 4693K, committed 4736K, reserved 1048576K
Event: 8.808 GC heap after
Heap after GC invocations=9 (full 2):
 PSYoungGen      total 142336K, used 0K [0x00000000d5f00000, 0x00000000e0380000, 0x0000000100000000)
  eden space 129024K, 0% used [0x00000000d5f00000,0x00000000d5f00000,0x00000000ddd00000)
  from space 13312K, 0% used [0x00000000ddd00000,0x00000000ddd00000,0x00000000dea00000)
  to   space 17408K, 0% used [0x00000000df280000,0x00000000df280000,0x00000000e0380000)
 ParOldGen       total 124928K, used 27037K [0x0000000081c00000, 0x0000000089600000, 0x00000000d5f00000)
  object space 124928K, 21% used [0x0000000081c00000,0x0000000083667550,0x0000000089600000)
 Metaspace       used 34654K, capacity 35078K, committed 35456K, reserved 1079296K
  class space    used 4535K, capacity 4693K, committed 4736K, reserved 1048576K
}
Event: 11.683 GC heap before
{Heap before GC invocations=10 (full 2):
 PSYoungGen      total 142336K, used 129024K [0x00000000d5f00000, 0x00000000e0380000, 0x0000000100000000)
  eden space 129024K, 100% used [0x00000000d5f00000,0x00000000ddd00000,0x00000000ddd00000)
  from space 13312K, 0% used [0x00000000ddd00000,0x00000000ddd00000,0x00000000dea00000)
  to   space 17408K, 0% used [0x00000000df280000,0x00000000df280000,0x00000000e0380000)
 ParOldGen       total 124928K, used 27037K [0x0000000081c00000, 0x0000000089600000, 0x00000000d5f00000)
  object space 124928K, 21% used [0x0000000081c00000,0x0000000083667550,0x0000000089600000)
 Metaspace       used 46357K, capacity 47072K, committed 47616K, reserved 1091584K
  class space    used 5822K, capacity 6066K, committed 6144K, reserved 1048576K
Event: 11.719 GC heap after
Heap after GC invocations=10 (full 2):
 PSYoungGen      total 143872K, used 17389K [0x00000000d5f00000, 0x00000000e3080000, 0x0000000100000000)
  eden space 126464K, 0% used [0x00000000d5f00000,0x00000000d5f00000,0x00000000dda80000)
  from space 17408K, 99% used [0x00000000df280000,0x00000000e037b670,0x00000000e0380000)
  to   space 24576K, 0% used [0x00000000dda80000,0x00000000dda80000,0x00000000df280000)
 ParOldGen       total 124928K, used 37331K [0x0000000081c00000, 0x0000000089600000, 0x00000000d5f00000)
  object space 124928K, 29% used [0x0000000081c00000,0x0000000084074cd0,0x0000000089600000)
 Metaspace       used 46357K, capacity 47072K, committed 47616K, reserved 1091584K
  class space    used 5822K, capacity 6066K, committed 6144K, reserved 1048576K
}
Event: 15.448 GC heap before
{Heap before GC invocations=11 (full 2):
 PSYoungGen      total 143872K, used 143853K [0x00000000d5f00000, 0x00000000e3080000, 0x0000000100000000)
  eden space 126464K, 100% used [0x00000000d5f00000,0x00000000dda80000,0x00000000dda80000)
  from space 17408K, 99% used [0x00000000df280000,0x00000000e037b670,0x00000000e0380000)
  to   space 24576K, 0% used [0x00000000dda80000,0x00000000dda80000,0x00000000df280000)
 ParOldGen       total 124928K, used 37331K [0x0000000081c00000, 0x0000000089600000, 0x00000000d5f00000)
  object space 124928K, 29% used [0x0000000081c00000,0x0000000084074cd0,0x0000000089600000)
 Metaspace       used 52611K, capacity 53362K, committed 53888K, reserved 1095680K
  class space    used 6489K, capacity 6743K, committed 6784K, reserved 1048576K
Event: 15.490 GC heap after
Heap after GC invocations=11 (full 2):
 PSYoungGen      total 151040K, used 24551K [0x00000000d5f00000, 0x00000000e2980000, 0x0000000100000000)
  eden space 126464K, 0% used [0x00000000d5f00000,0x00000000d5f00000,0x00000000dda80000)
  from space 24576K, 99% used [0x00000000dda80000,0x00000000df279ef0,0x00000000df280000)
  to   space 30208K, 0% used [0x00000000e0c00000,0x00000000e0c00000,0x00000000e2980000)
 ParOldGen       total 124928K, used 42260K [0x0000000081c00000, 0x0000000089600000, 0x00000000d5f00000)
  object space 124928K, 33% used [0x0000000081c00000,0x0000000084545178,0x0000000089600000)
 Metaspace       used 52611K, capacity 53362K, committed 53888K, reserved 1095680K
  class space    used 6489K, capacity 6743K, committed 6784K, reserved 1048576K
}

